<?xml version="1.0" encoding="UTF-8"?>
<testng-results skipped="0" failed="0" total="2" passed="2">
  <reporter-output>
  </reporter-output>
  <suite name="Grid" duration-ms="43133" started-at="2016-08-21T07:08:41Z" finished-at="2016-08-21T07:09:24Z">
    <groups>
    </groups>
    <test name="on chrome" duration-ms="39009" started-at="2016-08-21T07:08:41Z" finished-at="2016-08-21T07:09:20Z">
      <class name="com.orgHRM.Tests.grid">
        <test-method status="PASS" signature="gd(java.lang.String)[pri:0, instance:com.orgHRM.Tests.grid@3e682b10]" name="gd" duration-ms="38964" started-at="2016-08-21T12:38:41Z" finished-at="2016-08-21T12:39:20Z">
          <params>
            <param index="0">
              <value>
                <![CDATA[chrome]]>
              </value>
            </param>
          </params>
          <reporter-output>
          </reporter-output>
        </test-method> <!-- gd -->
      </class> <!-- com.orgHRM.Tests.grid -->
    </test> <!-- on chrome -->
    <test name="on Firefox" duration-ms="43133" started-at="2016-08-21T07:08:41Z" finished-at="2016-08-21T07:09:24Z">
      <class name="com.orgHRM.Tests.grid">
        <test-method status="PASS" signature="gd(java.lang.String)[pri:0, instance:com.orgHRM.Tests.grid@2c59e61a]" name="gd" duration-ms="43095" started-at="2016-08-21T12:38:41Z" finished-at="2016-08-21T12:39:24Z">
          <params>
            <param index="0">
              <value>
                <![CDATA[firefox]]>
              </value>
            </param>
          </params>
          <reporter-output>
          </reporter-output>
        </test-method> <!-- gd -->
      </class> <!-- com.orgHRM.Tests.grid -->
    </test> <!-- on Firefox -->
  </suite> <!-- Grid -->
</testng-results>
